<?xml version="1.0" encoding="UTF-8"?>
<!-- Generated by org.testng.reporters.JUnitReportReporter -->
<testsuite skipped="0" hostname="nayeem" name="testrunner.TestNGTestrunner$TestRunner" tests="1" failures="0" timestamp="06 Dec 2017 19:18:51 GMT" time="0.012" errors="0">
  <testcase name="feature" time="0.012" classname="testrunner.TestNGTestrunner$TestRunner"/>
</testsuite> <!-- testrunner.TestNGTestrunner$TestRunner -->
